Determining if the pthread_create exist failed with the following output:
Change Dir: /root/dev/t3o/client/build/CMakeFiles/CMakeTmp

Run Build Command:"/usr/bin/make" "cmTC_ff4f9/fast"
/usr/bin/make -f CMakeFiles/cmTC_ff4f9.dir/build.make CMakeFiles/cmTC_ff4f9.dir/build
make[1]: Entering directory '/root/dev/t3o/client/build/CMakeFiles/CMakeTmp'
Building C object CMakeFiles/cmTC_ff4f9.dir/CheckSymbolExists.c.o
/usr/bin/clang     -o CMakeFiles/cmTC_ff4f9.dir/CheckSymbolExists.c.o   -c /root/dev/t3o/client/build/CMakeFiles/CMakeTmp/CheckSymbolExists.c
Linking C executable cmTC_ff4f9
/usr/local/bin/cmake -E cmake_link_script CMakeFiles/cmTC_ff4f9.dir/link.txt --verbose=1
/usr/bin/clang       CMakeFiles/cmTC_ff4f9.dir/CheckSymbolExists.c.o  -o cmTC_ff4f9 -rdynamic 
CMakeFiles/cmTC_ff4f9.dir/CheckSymbolExists.c.o: In function `main':
/root/dev/t3o/client/build/CMakeFiles/CMakeTmp/CheckSymbolExists.c:(.text+0x19): undefined reference to `pthread_create'
clang: error: linker command failed with exit code 1 (use -v to see invocation)
CMakeFiles/cmTC_ff4f9.dir/build.make:97: recipe for target 'cmTC_ff4f9' failed
make[1]: *** [cmTC_ff4f9] Error 1
make[1]: Leaving directory '/root/dev/t3o/client/build/CMakeFiles/CMakeTmp'
Makefile:126: recipe for target 'cmTC_ff4f9/fast' failed
make: *** [cmTC_ff4f9/fast] Error 2

File /root/dev/t3o/client/build/CMakeFiles/CMakeTmp/CheckSymbolExists.c:
/* */
#include <pthread.h>

int main(int argc, char** argv)
{
  (void)argv;
#ifndef pthread_create
  return ((int*)(&pthread_create))[argc];
#else
  (void)argc;
  return 0;
#endif
}

Determining if the function pthread_create exists in the pthreads failed with the following output:
Change Dir: /root/dev/t3o/client/build/CMakeFiles/CMakeTmp

Run Build Command:"/usr/bin/make" "cmTC_36e79/fast"
/usr/bin/make -f CMakeFiles/cmTC_36e79.dir/build.make CMakeFiles/cmTC_36e79.dir/build
make[1]: Entering directory '/root/dev/t3o/client/build/CMakeFiles/CMakeTmp'
Building C object CMakeFiles/cmTC_36e79.dir/CheckFunctionExists.c.o
/usr/bin/clang    -DCHECK_FUNCTION_EXISTS=pthread_create   -o CMakeFiles/cmTC_36e79.dir/CheckFunctionExists.c.o   -c /usr/local/share/cmake-3.5/Modules/CheckFunctionExists.c
Linking C executable cmTC_36e79
/usr/local/bin/cmake -E cmake_link_script CMakeFiles/cmTC_36e79.dir/link.txt --verbose=1
/usr/bin/clang   -DCHECK_FUNCTION_EXISTS=pthread_create    CMakeFiles/cmTC_36e79.dir/CheckFunctionExists.c.o  -o cmTC_36e79 -rdynamic -lpthreads 
/usr/bin/ld: cannot find -lpthreads
clang: error: linker command failed with exit code 1 (use -v to see invocation)
CMakeFiles/cmTC_36e79.dir/build.make:97: recipe for target 'cmTC_36e79' failed
make[1]: *** [cmTC_36e79] Error 1
make[1]: Leaving directory '/root/dev/t3o/client/build/CMakeFiles/CMakeTmp'
Makefile:126: recipe for target 'cmTC_36e79/fast' failed
make: *** [cmTC_36e79/fast] Error 2


