Determining if the pthread_create exist failed with the following output:
Change Dir: /root/dev/t3o/server/build/CMakeFiles/CMakeTmp

Run Build Command:"/usr/bin/make" "cmTC_8fbe1/fast"
/usr/bin/make -f CMakeFiles/cmTC_8fbe1.dir/build.make CMakeFiles/cmTC_8fbe1.dir/build
make[1]: Entering directory '/root/dev/t3o/server/build/CMakeFiles/CMakeTmp'
Building C object CMakeFiles/cmTC_8fbe1.dir/CheckSymbolExists.c.o
/usr/bin/clang     -o CMakeFiles/cmTC_8fbe1.dir/CheckSymbolExists.c.o   -c /root/dev/t3o/server/build/CMakeFiles/CMakeTmp/CheckSymbolExists.c
Linking C executable cmTC_8fbe1
/usr/local/bin/cmake -E cmake_link_script CMakeFiles/cmTC_8fbe1.dir/link.txt --verbose=1
/usr/bin/clang       CMakeFiles/cmTC_8fbe1.dir/CheckSymbolExists.c.o  -o cmTC_8fbe1 -rdynamic 
CMakeFiles/cmTC_8fbe1.dir/CheckSymbolExists.c.o: In function `main':
/root/dev/t3o/server/build/CMakeFiles/CMakeTmp/CheckSymbolExists.c:(.text+0x19): undefined reference to `pthread_create'
clang: error: linker command failed with exit code 1 (use -v to see invocation)
CMakeFiles/cmTC_8fbe1.dir/build.make:97: recipe for target 'cmTC_8fbe1' failed
make[1]: *** [cmTC_8fbe1] Error 1
make[1]: Leaving directory '/root/dev/t3o/server/build/CMakeFiles/CMakeTmp'
Makefile:126: recipe for target 'cmTC_8fbe1/fast' failed
make: *** [cmTC_8fbe1/fast] Error 2

File /root/dev/t3o/server/build/CMakeFiles/CMakeTmp/CheckSymbolExists.c:
/* */
#include <pthread.h>

int main(int argc, char** argv)
{
  (void)argv;
#ifndef pthread_create
  return ((int*)(&pthread_create))[argc];
#else
  (void)argc;
  return 0;
#endif
}

Determining if the function pthread_create exists in the pthreads failed with the following output:
Change Dir: /root/dev/t3o/server/build/CMakeFiles/CMakeTmp

Run Build Command:"/usr/bin/make" "cmTC_8b664/fast"
/usr/bin/make -f CMakeFiles/cmTC_8b664.dir/build.make CMakeFiles/cmTC_8b664.dir/build
make[1]: Entering directory '/root/dev/t3o/server/build/CMakeFiles/CMakeTmp'
Building C object CMakeFiles/cmTC_8b664.dir/CheckFunctionExists.c.o
/usr/bin/clang    -DCHECK_FUNCTION_EXISTS=pthread_create   -o CMakeFiles/cmTC_8b664.dir/CheckFunctionExists.c.o   -c /usr/local/share/cmake-3.5/Modules/CheckFunctionExists.c
Linking C executable cmTC_8b664
/usr/local/bin/cmake -E cmake_link_script CMakeFiles/cmTC_8b664.dir/link.txt --verbose=1
/usr/bin/clang   -DCHECK_FUNCTION_EXISTS=pthread_create    CMakeFiles/cmTC_8b664.dir/CheckFunctionExists.c.o  -o cmTC_8b664 -rdynamic -lpthreads 
/usr/bin/ld: cannot find -lpthreads
clang: error: linker command failed with exit code 1 (use -v to see invocation)
CMakeFiles/cmTC_8b664.dir/build.make:97: recipe for target 'cmTC_8b664' failed
make[1]: *** [cmTC_8b664] Error 1
make[1]: Leaving directory '/root/dev/t3o/server/build/CMakeFiles/CMakeTmp'
Makefile:126: recipe for target 'cmTC_8b664/fast' failed
make: *** [cmTC_8b664/fast] Error 2


